<?xml version="1.0" encoding="UTF-8"?>
<!-- Generated by org.testng.reporters.JUnitReportReporter -->
<testsuite hostname="LMCLT017" failures="0" tests="2" name="Oxhead.ExtentReportsss" time="0.026" errors="0" timestamp="2022-03-04T14:55:50 IST" skipped="1">
  <testcase classname="Oxhead.ExtentReportsss" name="testCase1" time="0.026"/>
  <system-out/>
  <testcase classname="Oxhead.ExtentReportsss" name="testCase2">
    <skipped/>
  </testcase> <!-- testCase2 -->
  <system-out/>
</testsuite> <!-- Oxhead.ExtentReportsss -->
