<?xml version="1.0" encoding="UTF-8"?>
<!-- Generated by org.testng.reporters.JUnitReportReporter -->
<testsuite hostname="LMCLT017" failures="0" tests="1" name="Oxhead.Locaters" time="21.675" errors="0" timestamp="2022-02-17T16:58:12 IST" skipped="0">
  <testcase classname="Oxhead.Locaters" name="rmeme" time="21.675"/>
  <system-out/>
</testsuite> <!-- Oxhead.Locaters -->
