<?xml version="1.0" encoding="UTF-8"?>
<!-- Generated by org.testng.reporters.JUnitReportReporter -->
<testsuite hostname="LMCLT017" failures="0" tests="5" name="Oxhead_property.TestCases" time="18.174" errors="0" timestamp="2022-03-14T11:08:16 IST" skipped="4">
  <testcase classname="Oxhead_property.TestCases" name="click_On_Remeber_Me_CheckBox" time="18.174"/>
  <system-out/>
  <testcase classname="Oxhead_property.TestCases" name="please_Enter_Your_Password_Message">
    <skipped/>
  </testcase> <!-- please_Enter_Your_Password_Message -->
  <system-out/>
  <testcase classname="Oxhead_property.TestCases" name="password_Does_Not_Match_Message">
    <skipped/>
  </testcase> <!-- password_Does_Not_Match_Message -->
  <system-out/>
  <testcase classname="Oxhead_property.TestCases" name="password_DoesNot_Match_Message">
    <skipped/>
  </testcase> <!-- password_DoesNot_Match_Message -->
  <system-out/>
  <testcase classname="Oxhead_property.TestCases" name="password_Has_Been_Reset_Successfully_Message">
    <skipped/>
  </testcase> <!-- password_Has_Been_Reset_Successfully_Message -->
  <system-out/>
</testsuite> <!-- Oxhead_property.TestCases -->
