<?xml version="1.0" encoding="UTF-8"?>
<!-- Generated by org.testng.reporters.JUnitReportReporter -->
<testsuite hostname="LMCLT017" failures="0" tests="1" name="Oxhead.LocatersClass1" time="24.746" errors="0" timestamp="2022-02-18T11:38:34 IST" skipped="0">
  <testcase classname="Oxhead.LocatersClass1" name="Rememberme" time="24.746"/>
  <system-out/>
</testsuite> <!-- Oxhead.LocatersClass1 -->
