<?xml version="1.0" encoding="UTF-8"?>
<!-- Generated by org.testng.reporters.JUnitReportReporter -->
<testsuite hostname="LMCLT017" failures="0" tests="39" name="Oxhead.TestCases" time="999.580" errors="0" timestamp="2022-03-14T16:15:29 IST" skipped="4">
  <testcase classname="Oxhead.TestCases" name="click_On_Remeber_Me_CheckBox" time="27.665"/>
  <system-out/>
  <testcase classname="Oxhead.TestCases" name="click_On_Lost_Your_Password_Link" time="15.641"/>
  <system-out/>
  <testcase classname="Oxhead.TestCases" name="click_On_Create_An_Account_Link" time="17.423"/>
  <system-out/>
  <testcase classname="Oxhead.TestCases" name="click_On_Cross_Mark_Button" time="13.365"/>
  <system-out/>
  <testcase classname="Oxhead.TestCases" name="click_On_Close_Button" time="10.722"/>
  <system-out/>
  <testcase classname="Oxhead.TestCases" name="Customer_Ablet_To_Do_SignUp_With_Valid_Email_Address" time="19.654"/>
  <system-out/>
  <testcase classname="Oxhead.TestCases" name="Customer_is_able_to_enter_products_in_the_Search_for_Products_text_box" time="28.019"/>
  <system-out/>
  <testcase classname="Oxhead.TestCases" name="Customer_is_able_to_see_No_products_were_found_matching_your_selection_message" time="24.705"/>
  <system-out/>
  <testcase classname="Oxhead.TestCases" name="select_Allproducts_option_in_the_select_category" time="28.023"/>
  <system-out/>
  <testcase classname="Oxhead.TestCases" name="select_Gold_option_in_the_select_category" time="38.659"/>
  <system-out/>
  <testcase classname="Oxhead.TestCases" name="select_Membership_option_in_the_select_category" time="33.804"/>
  <system-out/>
  <testcase classname="Oxhead.TestCases" name="select_Palladium_option_in_the_select_category" time="27.898"/>
  <system-out/>
  <testcase classname="Oxhead.TestCases" name="select_Platinum_option_in_the_select_category" time="24.706"/>
  <system-out/>
  <testcase classname="Oxhead.TestCases" name="select_Silver_option_in_the_select_category" time="25.096"/>
  <system-out/>
  <testcase classname="Oxhead.TestCases" name="select_Blank_option_in_the_select_category" time="24.963"/>
  <system-out/>
  <testcase classname="Oxhead.TestCases" name="see_The_Bar_In_The_Palladium_Bullion" time="30.751"/>
  <system-out/>
  <testcase classname="Oxhead.TestCases" name="Customer_is_able_to_do_the_payment_method_process" time="39.444"/>
  <system-out/>
  <testcase classname="Oxhead.TestCases" name="customer_Is_Able_To_See_The_OrderDetails" time="30.292"/>
  <system-out/>
  <testcase classname="Oxhead.TestCases" name="Customer_Is_Able_To_Do_Logout" time="29.715"/>
  <system-out/>
  <testcase classname="Oxhead.TestCases" name="Customer_Is_Able_To_Logout_From_The_Application" time="28.396"/>
  <system-out/>
  <testcase classname="Oxhead.TestCases" name="Customer_Is_Able_To_See_The_AllProducts_On_Browse_Catagories" time="28.626"/>
  <system-out/>
  <testcase classname="Oxhead.TestCases" name="Customer_Is_Able_To_See_The_Gold_On_Browse_Catagories" time="26.280"/>
  <system-out/>
  <testcase classname="Oxhead.TestCases" name="Customer_Is_Able_To_See_The_Palladium_On_Browse_Catagories" time="24.941"/>
  <system-out/>
  <testcase classname="Oxhead.TestCases" name="Customer_Is_Able_To_See_The_Platinum_On_Browse_Catagories" time="24.059"/>
  <system-out/>
  <testcase classname="Oxhead.TestCases" name="Customer_Is_Able_To_See_The_Silver_On_Browse_Catagories" time="27.504"/>
  <system-out/>
  <testcase classname="Oxhead.TestCases" name="customer_Is_Able_To_See_The_HomePage" time="28.026"/>
  <system-out/>
  <testcase classname="Oxhead.TestCases" name="Customer_is_able_to_see_the_sticky_header_is_fixed_at_that_place_it_is_comingdown" time="22.259"/>
  <system-out/>
  <testcase classname="Oxhead.TestCases" name="Customer_Is_Able_To_See_The_NewArrivals_Page" time="26.844"/>
  <system-out/>
  <testcase classname="Oxhead.TestCases" name="Customer_Is_Not_Able_To_See_Product_In_ShoppingCart_Page" time="25.466"/>
  <system-out/>
  <testcase classname="Oxhead.TestCases" name="Customer_Is_Able_To_See_Product_In_ShoppingCart_Page_From_NewArrivals_page" time="48.363"/>
  <system-out/>
  <testcase classname="Oxhead.TestCases" name="Customer_Is_Able_To_See_Product_In_ShoppingCart_Page" time="34.716"/>
  <system-out/>
  <testcase classname="Oxhead.TestCases" name="Customer_Is_Able_To_See_Shipping_And_Delivery_Page" time="33.836"/>
  <system-out/>
  <testcase classname="Oxhead.TestCases" name="Customer_Is_able_To_Track_The_Cash_On_Delivery" time="34.207"/>
  <system-out/>
  <testcase classname="Oxhead.TestCases" name="customer_Is_clicking_On_The_Shop_Now_Button_It_Has_To_Redirect_To_That_Particular_Page" time="55.448"/>
  <system-out/>
  <testcase classname="Oxhead.TestCases" name="Customer_Is_Able_To_click_On_The_Shop_Now_Button_It_Has_To_Redirect_To_That_Particular_Page" time="40.064"/>
  <system-out/>
  <testcase classname="Oxhead.TestCases" name="password_Does_Not_Match_Message">
    <skipped/>
  </testcase> <!-- password_Does_Not_Match_Message -->
  <system-out/>
  <testcase classname="Oxhead.TestCases" name="password_Has_Been_Reset_Successfully_Message">
    <skipped/>
  </testcase> <!-- password_Has_Been_Reset_Successfully_Message -->
  <system-out/>
  <testcase classname="Oxhead.TestCases" name="please_Enter_Your_Password_Message">
    <skipped/>
  </testcase> <!-- please_Enter_Your_Password_Message -->
  <system-out/>
  <testcase classname="Oxhead.TestCases" name="password_DoesNot_Match_Message">
    <skipped/>
  </testcase> <!-- password_DoesNot_Match_Message -->
  <system-out/>
</testsuite> <!-- Oxhead.TestCases -->
