<?xml version="1.0" encoding="UTF-8"?>
<!-- Generated by org.testng.reporters.JUnitReportReporter -->
<testsuite hostname="LMCLT017" failures="0" tests="1" name="Oxhead.test" time="25.520" errors="0" timestamp="2022-02-23T11:40:45 IST" skipped="0">
  <testcase classname="Oxhead.test" name="tt" time="25.520"/>
  <system-out/>
</testsuite> <!-- Oxhead.test -->
